12-17 17:47:30 com_github_MitjaNemec_ReplicateLayout.action_replicate_layout 392:Plugin executed on: 'win32'
12-17 17:47:30 com_github_MitjaNemec_ReplicateLayout.action_replicate_layout 393:Plugin executed with python version: '3.9.16 (main, Aug  8 2023, 05:38:28) [MSC v.1936 64 bit (AMD64)]'
12-17 17:47:30 com_github_MitjaNemec_ReplicateLayout.action_replicate_layout 394:KiCad build version: 7.0.7
12-17 17:47:30 com_github_MitjaNemec_ReplicateLayout.action_replicate_layout 395:Plugin version: 2.1.3
12-17 17:47:30 com_github_MitjaNemec_ReplicateLayout.action_replicate_layout 396:Frame repr: <wx._core.Frame object at 0x0000019F92973EE0>
12-17 17:47:30 com_github_MitjaNemec_ReplicateLayout.action_replicate_layout 420:Preparing replicator with U301 as a reference
12-17 17:47:30 com_github_MitjaNemec_ReplicateLayout.replicate_layout 117:getting a list of all footprints on board
12-17 17:47:30 com_github_MitjaNemec_ReplicateLayout.action_replicate_layout 468:source anchor footprint is 'U301'
Located on: ['CH2']
With filenames: ['CH1.kicad_sch']
With sheet_id:['CH2']
12-17 17:47:30 com_github_MitjaNemec_ReplicateLayout.action_replicate_layout 475:Corresponding footprints are 
[('U201', ['CH1']), ('U301', ['CH2'])]
12-17 17:47:30 com_github_MitjaNemec_ReplicateLayout.action_replicate_layout 487:Showing dialog
12-17 17:47:30 com_github_MitjaNemec_ReplicateLayout.replicate_layout 424:constructing a list of sheets suitable for replication on level:'CH2', file:'CH1.kicad_sch'
12-17 17:47:30 com_github_MitjaNemec_ReplicateLayout.replicate_layout 461:suitable sheets are:[['CH1']]
12-17 17:47:30 com_github_MitjaNemec_ReplicateLayout.replicate_layout 1464:Level selected: ['CH2']
12-17 17:47:30 com_github_MitjaNemec_ReplicateLayout.replicate_layout 1299:Filtering list of tracks
12-17 17:47:30 com_github_MitjaNemec_ReplicateLayout.action_replicate_layout 493:Toolbar position: wx.Point(1878, 96)
12-17 17:47:30 com_github_MitjaNemec_ReplicateLayout.action_replicate_layout 498:Dialog position: wx.Point(1439, 96)
12-17 17:47:40 com_github_MitjaNemec_ReplicateLayout.replicate_layout 424:constructing a list of sheets suitable for replication on level:'CH2', file:'CH1.kicad_sch'
12-17 17:47:40 com_github_MitjaNemec_ReplicateLayout.replicate_layout 461:suitable sheets are:[['CH1']]
12-17 17:47:40 com_github_MitjaNemec_ReplicateLayout.action_replicate_layout 240:Replicating layout
12-17 17:47:40 com_github_MitjaNemec_ReplicateLayout.replicate_layout 240:Starting replication of sheets: [['CH1']]
on level: ['CH2']
with tracks=True, zone=True, text=True, text=True, intersecting=False, remove=False, locked footprints=False, group_only=False
12-17 17:47:40 root 332:updating GUI message: 'Preparing for replication'
12-17 17:47:40 root 337:updating GUI with: 0
12-17 17:47:40 com_github_MitjaNemec_ReplicateLayout.replicate_layout 310:Getting the list of source footprints
12-17 17:47:40 root 337:updating GUI with: 0
12-17 17:47:40 com_github_MitjaNemec_ReplicateLayout.replicate_layout 320:Getting the list of all the remaining footprints
12-17 17:47:40 com_github_MitjaNemec_ReplicateLayout.replicate_layout 327:Getting source tracks
12-17 17:47:40 com_github_MitjaNemec_ReplicateLayout.replicate_layout 1299:Filtering list of tracks
12-17 17:47:40 com_github_MitjaNemec_ReplicateLayout.replicate_layout 331:Getting source zones
12-17 17:47:40 com_github_MitjaNemec_ReplicateLayout.replicate_layout 335:Getting source text items
12-17 17:47:40 root 337:updating GUI with: 66
12-17 17:47:40 com_github_MitjaNemec_ReplicateLayout.replicate_layout 339:Getting source drawing items
12-17 17:47:40 root 332:updating GUI message: 'Replicating footprints'
12-17 17:47:40 com_github_MitjaNemec_ReplicateLayout.replicate_layout 806:Replicating footprints
12-17 17:47:40 com_github_MitjaNemec_ReplicateLayout.replicate_layout 813:Replicating footprints on sheet ['CH1']
12-17 17:47:40 root 337:updating GUI with: 96
12-17 17:47:40 root 332:updating GUI message: 'Replicating tracks'
12-17 17:47:40 com_github_MitjaNemec_ReplicateLayout.replicate_layout 977:Replicating tracks
12-17 17:47:40 com_github_MitjaNemec_ReplicateLayout.replicate_layout 983:Replicating tracks on sheet ['CH1']
12-17 17:47:40 com_github_MitjaNemec_ReplicateLayout.replicate_layout 766:Net pairs for sheet ['CH1'] :[('+2V5', '+2V5'), ('V-', 'V-'), ('Net-(SW301-B)', 'Net-(SW201-B)'), ('CH2_OUT+', 'CH1_OUT+'), ('Net-(IC301-COM)', 'Net-(IC201-COM)'), ('Net-(R309-Pad1)', 'Net-(R209-Pad1)'), ('Net-(SW302-A)', 'Net-(SW202-A)'), ('V+', 'V+'), ('Net-(R301-Pad1)', 'Net-(R201-Pad1)'), ('CH2_OUT-', 'CH1_OUT-'), ('GND', 'GND'), ('-2V5', '-2V5'), ('Net-(U302--)', 'Net-(U202--)'), ('Net-(IC301-IN)', 'Net-(IC201-IN)'), ('Net-(D301-A2)', 'Net-(D201-A2)'), ('Net-(J301-In)', 'Net-(J201-In)'), ('Net-(U303--)', 'Net-(U203--)'), ('Net-(R306-Pad2)', 'Net-(R206-Pad2)')]
12-17 17:47:40 root 332:updating GUI message: 'Replicating zones'
12-17 17:47:40 com_github_MitjaNemec_ReplicateLayout.replicate_layout 1047:Replicating zones
12-17 17:47:40 com_github_MitjaNemec_ReplicateLayout.replicate_layout 1054:Replicating zones on sheet ['CH1']
12-17 17:47:40 com_github_MitjaNemec_ReplicateLayout.replicate_layout 766:Net pairs for sheet ['CH1'] :[('+2V5', '+2V5'), ('V-', 'V-'), ('Net-(SW301-B)', 'Net-(SW201-B)'), ('CH2_OUT+', 'CH1_OUT+'), ('Net-(IC301-COM)', 'Net-(IC201-COM)'), ('Net-(R309-Pad1)', 'Net-(R209-Pad1)'), ('Net-(SW302-A)', 'Net-(SW202-A)'), ('V+', 'V+'), ('Net-(R301-Pad1)', 'Net-(R201-Pad1)'), ('CH2_OUT-', 'CH1_OUT-'), ('GND', 'GND'), ('-2V5', '-2V5'), ('Net-(U302--)', 'Net-(U202--)'), ('Net-(IC301-IN)', 'Net-(IC201-IN)'), ('Net-(D301-A2)', 'Net-(D201-A2)'), ('Net-(J301-In)', 'Net-(J201-In)'), ('Net-(U303--)', 'Net-(U203--)'), ('Net-(R306-Pad2)', 'Net-(R206-Pad2)')]
12-17 17:47:40 root 332:updating GUI message: 'Replicating text'
12-17 17:47:40 com_github_MitjaNemec_ReplicateLayout.replicate_layout 1136:Replicating text
12-17 17:47:40 com_github_MitjaNemec_ReplicateLayout.replicate_layout 1143:Replicating text on sheet ['CH1']
12-17 17:47:40 root 332:updating GUI message: 'Replicating drawings'
12-17 17:47:40 com_github_MitjaNemec_ReplicateLayout.replicate_layout 1187:Replicating drawings
12-17 17:47:40 com_github_MitjaNemec_ReplicateLayout.replicate_layout 1193:Replicating drawings on sheet ['CH1']
12-17 17:47:40 com_github_MitjaNemec_ReplicateLayout.action_replicate_layout 256:Replication complete
